INFO [02-27|12:27:07] Maximum peer count                       ETH=25 LES=0 total=25
INFO [02-27|12:27:07] Starting peer-to-peer node               instance=Geth/v1.8.1-stable/darwin-amd64/go1.10
INFO [02-27|12:27:07] Allocated cache and file handles         database=/Users/alexanderkorovkin/Library/Ethereum/testnet/geth/chaindata cache=768 handles=1024
INFO [02-27|12:27:07] Persisted trie from memory database      nodes=355 size=65.25kB time=276.475µs gcnodes=0 gcsize=0.00B gctime=0s livenodes=1 livesize=0.00B
INFO [02-27|12:27:07] Initialised chain configuration          config="{ChainID: 3 Homestead: 0 DAO: <nil> DAOSupport: true EIP150: 0 EIP155: 10 EIP158: 10 Byzantium: 1700000 Engine: ethash}"
INFO [02-27|12:27:07] Disk storage enabled for ethash caches   dir=/Users/alexanderkorovkin/Library/Ethereum/testnet/geth/ethash count=3
INFO [02-27|12:27:07] Disk storage enabled for ethash DAGs     dir=/Users/alexanderkorovkin/.ethash                              count=2
INFO [02-27|12:27:07] Initialising Ethereum protocol           versions="[63 62]" network=3
WARN [02-27|12:27:07] Head state missing, repairing chain      number=2735912 hash=77d447…366d67
INFO [02-27|12:27:07] Rewound blockchain to past state         number=2735785 hash=f01bec…86fc81
INFO [02-27|12:27:07] Loaded most recent local header          number=2735912 hash=77d447…366d67 td=7835657614111281
INFO [02-27|12:27:07] Loaded most recent local full block      number=2735785 hash=f01bec…86fc81 td=7835367058491531
INFO [02-27|12:27:07] Loaded most recent local fast block      number=2735912 hash=77d447…366d67 td=7835657614111281
INFO [02-27|12:27:07] Loaded local transaction journal         transactions=0 dropped=0
INFO [02-27|12:27:07] Regenerated local transaction journal    transactions=0 accounts=0
WARN [02-27|12:27:07] Blockchain not empty, fast sync disabled 
INFO [02-27|12:27:07] Starting P2P networking 
INFO [02-27|12:27:10] Mapped network port                      proto=udp extport=30303 intport=30303 interface="UPNP IGDv1-IP1"
INFO [02-27|12:27:10] UDP listener up                          self=enode://442bead99a9e5d769f826425b1d943b9b8b63f63eb13bc5c5a01774bfb3ed781fa3f4f4cd0ae0b221acb28b5d2620c44580f87fbb3a9003b0d1d0030a27b16dd@109.74.133.182:30303
INFO [02-27|12:27:10] RLPx listener up                         self=enode://442bead99a9e5d769f826425b1d943b9b8b63f63eb13bc5c5a01774bfb3ed781fa3f4f4cd0ae0b221acb28b5d2620c44580f87fbb3a9003b0d1d0030a27b16dd@109.74.133.182:30303
INFO [02-27|12:27:10] IPC endpoint opened                      url=/Users/alexanderkorovkin/Library/Ethereum/testnet/geth.ipc
INFO [02-27|12:27:10] Mapped network port                      proto=tcp extport=30303 intport=30303 interface="UPNP IGDv1-IP1"
INFO [02-27|12:27:10] Etherbase automatically configured       address=0xC141aaAB91BC337EF2724b02a0021ce7FbCc968b
INFO [02-27|12:27:40] Block synchronisation started 
INFO [02-27|12:27:41] Imported new chain segment               blocks=2 txs=81 mgas=9.382 elapsed=249.729ms mgasps=37.570 number=2735787 hash=d648c2…7a9619 cache=499.14kB
INFO [02-27|12:27:42] Imported new chain segment               blocks=22 txs=398 mgas=78.999 elapsed=677.674ms mgasps=116.574 number=2735809 hash=e42408…b86593 cache=2.63mB
INFO [02-27|12:27:45] Imported new chain segment               blocks=106 txs=2012 mgas=360.747 elapsed=3.131s    mgasps=115.199 number=2735915 hash=875cdc…60d53f cache=13.85mB
INFO [02-27|12:28:05] Imported new chain segment               blocks=1   txs=6    mgas=3.282   elapsed=16.320ms  mgasps=201.097 number=2735916 hash=6d10bb…a7a1cc cache=13.82mB
INFO [02-27|12:28:12] Imported new chain segment               blocks=1   txs=19   mgas=4.520   elapsed=31.543ms  mgasps=143.285 number=2735917 hash=ca2b73…e90381 cache=13.93mB
INFO [02-27|12:28:15] Imported new chain segment               blocks=1   txs=6    mgas=4.360   elapsed=15.105ms  mgasps=288.626 number=2735918 hash=4a388f…0fd1f3 cache=13.92mB
INFO [02-27|12:28:44] Imported new chain segment               blocks=1   txs=16   mgas=1.986   elapsed=17.876ms  mgasps=111.101 number=2735919 hash=df43a4…b1f6b7 cache=13.92mB
INFO [02-27|12:29:06] Imported new chain segment               blocks=1   txs=11   mgas=0.961   elapsed=13.368ms  mgasps=71.915  number=2735920 hash=21de27…0bf24f cache=13.95mB
INFO [02-27|12:29:07] Imported new chain segment               blocks=1   txs=6    mgas=4.337   elapsed=9.833ms   mgasps=441.020 number=2735921 hash=0f5594…7bdd58 cache=13.93mB
INFO [02-27|12:29:21] Imported new chain segment               blocks=1   txs=5    mgas=0.719   elapsed=10.563ms  mgasps=68.047  number=2735922 hash=b4310a…3bd111 cache=13.94mB
INFO [02-27|12:29:40] Imported new chain segment               blocks=1   txs=16   mgas=0.721   elapsed=22.921ms  mgasps=31.457  number=2735923 hash=5b464e…20cc1d cache=13.92mB
INFO [02-27|12:30:31] Imported new chain segment               blocks=1   txs=6    mgas=2.999   elapsed=11.321ms  mgasps=264.868 number=2735924 hash=91e30b…8ff30c cache=13.93mB
INFO [02-27|12:30:38] IPC endpoint closed                      endpoint=/Users/alexanderkorovkin/Library/Ethereum/testnet/geth.ipc
INFO [02-27|12:30:38] Writing cached state to disk             block=2735797 hash=0f89ce…b56062 root=7d8b5e…6549ed
INFO [02-27|12:30:38] Persisted trie from memory database      nodes=3052 size=1.26mB  time=16.013328ms gcnodes=1278 gcsize=545.71kB gctime=1.495609ms livenodes=35484 livesize=12.68mB
INFO [02-27|12:30:38] Blockchain manager stopped 
INFO [02-27|12:30:38] Stopping Ethereum protocol 
INFO [02-27|12:30:38] Ethereum protocol stopped 
INFO [02-27|12:30:38] Transaction pool stopped 
INFO [02-27|12:30:38] Database closed                          database=/Users/alexanderkorovkin/Library/Ethereum/testnet/geth/chaindata
INFO [02-27|13:48:55] Maximum peer count                       ETH=25 LES=0 total=25
INFO [02-27|13:48:55] Starting peer-to-peer node               instance=Geth/v1.8.1-stable/darwin-amd64/go1.10
INFO [02-27|13:48:55] Allocated cache and file handles         database=/Users/alexanderkorovkin/Library/Ethereum/testnet/geth/chaindata cache=768 handles=1024
INFO [02-27|13:48:55] Persisted trie from memory database      nodes=355 size=65.25kB time=297.251µs gcnodes=0 gcsize=0.00B gctime=0s livenodes=1 livesize=0.00B
INFO [02-27|13:48:55] Initialised chain configuration          config="{ChainID: 3 Homestead: 0 DAO: <nil> DAOSupport: true EIP150: 0 EIP155: 10 EIP158: 10 Byzantium: 1700000 Engine: ethash}"
INFO [02-27|13:48:55] Disk storage enabled for ethash caches   dir=/Users/alexanderkorovkin/Library/Ethereum/testnet/geth/ethash count=3
INFO [02-27|13:48:55] Disk storage enabled for ethash DAGs     dir=/Users/alexanderkorovkin/.ethash                              count=2
INFO [02-27|13:48:55] Initialising Ethereum protocol           versions="[63 62]" network=3
WARN [02-27|13:48:55] Head state missing, repairing chain      number=2735924 hash=91e30b…8ff30c
INFO [02-27|13:48:55] Rewound blockchain to past state         number=2735797 hash=0f89ce…b56062
INFO [02-27|13:48:55] Loaded most recent local header          number=2735924 hash=91e30b…8ff30c td=7835684412418092
INFO [02-27|13:48:55] Loaded most recent local full block      number=2735797 hash=0f89ce…b56062 td=7835394949059234
INFO [02-27|13:48:55] Loaded most recent local fast block      number=2735924 hash=91e30b…8ff30c td=7835684412418092
INFO [02-27|13:48:55] Loaded local transaction journal         transactions=0 dropped=0
INFO [02-27|13:48:55] Regenerated local transaction journal    transactions=0 accounts=0
WARN [02-27|13:48:55] Blockchain not empty, fast sync disabled 
INFO [02-27|13:48:55] Starting P2P networking 
INFO [02-27|13:48:58] Mapped network port                      proto=udp extport=30303 intport=30303 interface="UPNP IGDv1-IP1"
INFO [02-27|13:48:58] UDP listener up                          self=enode://442bead99a9e5d769f826425b1d943b9b8b63f63eb13bc5c5a01774bfb3ed781fa3f4f4cd0ae0b221acb28b5d2620c44580f87fbb3a9003b0d1d0030a27b16dd@109.74.133.182:30303
INFO [02-27|13:48:58] RLPx listener up                         self=enode://442bead99a9e5d769f826425b1d943b9b8b63f63eb13bc5c5a01774bfb3ed781fa3f4f4cd0ae0b221acb28b5d2620c44580f87fbb3a9003b0d1d0030a27b16dd@109.74.133.182:30303
INFO [02-27|13:48:58] IPC endpoint opened                      url=/Users/alexanderkorovkin/Library/Ethereum/testnet/geth.ipc
INFO [02-27|13:48:58] Mapped network port                      proto=tcp extport=30303 intport=30303 interface="UPNP IGDv1-IP1"
INFO [02-27|13:48:58] Etherbase automatically configured       address=0xC141aaAB91BC337EF2724b02a0021ce7FbCc968b
INFO [02-27|13:49:28] Block synchronisation started 
INFO [02-27|13:49:29] Imported new chain segment               blocks=2 txs=15 mgas=9.165 elapsed=90.652ms mgasps=101.106 number=2735799 hash=91f5b2…63ebf5 cache=138.76kB
INFO [02-27|13:49:29] Imported new chain segment               blocks=2 txs=36 mgas=6.665 elapsed=316.367ms mgasps=21.067  number=2735801 hash=2e1c17…3a638d cache=418.79kB
INFO [02-27|13:49:31] Imported new chain segment               blocks=22 txs=278 mgas=69.678 elapsed=1.573s    mgasps=44.290  number=2735823 hash=57ee2b…2282bd cache=2.36mB
INFO [02-27|13:49:35] Imported new chain segment               blocks=77 txs=1654 mgas=272.727 elapsed=3.950s    mgasps=69.029  number=2735900 hash=ba951c…68fe43 cache=11.21mB
INFO [02-27|13:49:43] Imported new chain segment               blocks=222 txs=4422 mgas=667.302 elapsed=8.016s    mgasps=83.245  number=2736122 hash=82bd7e…0eca08 cache=20.28mB
INFO [02-27|13:49:44] Imported new chain segment               blocks=51  txs=586  mgas=148.196 elapsed=1.158s    mgasps=127.903 number=2736173 hash=d9eb04…214be6 cache=19.10mB
INFO [02-27|13:49:49] Imported new chain segment               blocks=1   txs=14   mgas=4.038   elapsed=34.267ms  mgasps=117.837 number=2736174 hash=daa327…c91077 cache=18.99mB
INFO [02-27|13:50:41] Imported new chain segment               blocks=1   txs=31   mgas=2.789   elapsed=62.761ms  mgasps=44.440  number=2736175 hash=07798c…fa86d4 cache=19.10mB
INFO [02-27|13:50:51] Imported new chain segment               blocks=1   txs=39   mgas=4.685   elapsed=60.073ms  mgasps=77.994  number=2736176 hash=d467b7…b42d8e cache=19.27mB
INFO [02-27|13:50:52] Imported new chain segment               blocks=1   txs=13   mgas=4.684   elapsed=18.943ms  mgasps=247.262 number=2736177 hash=e74594…82ac38 cache=19.22mB
INFO [02-27|13:50:52] Imported new chain segment               blocks=1   txs=10   mgas=1.853   elapsed=20.967ms  mgasps=88.390  number=2736176 hash=c0ce14…877aba cache=19.25mB
INFO [02-27|13:50:58] Imported new chain segment               blocks=1   txs=45   mgas=3.990   elapsed=48.055ms  mgasps=83.030  number=2736178 hash=92d3e4…1ec984 cache=19.32mB
INFO [02-27|13:50:58] Mining too far in the future             wait=4s
INFO [02-27|13:50:59] Imported new chain segment               blocks=1   txs=4    mgas=4.073   elapsed=22.034ms  mgasps=184.859 number=2736179 hash=105c62…eb6667 cache=19.26mB
INFO [02-27|13:51:09] Imported new chain segment               blocks=1   txs=9    mgas=0.723   elapsed=16.818ms  mgasps=43.013  number=2736180 hash=dbc11d…628e61 cache=19.10mB
INFO [02-27|13:51:35] Imported new chain segment               blocks=1   txs=5    mgas=4.684   elapsed=20.856ms  mgasps=224.587 number=2736181 hash=5fe05e…991aa3 cache=18.98mB
INFO [02-27|13:51:39] Imported new chain segment               blocks=1   txs=30   mgas=1.091   elapsed=19.469ms  mgasps=56.045  number=2736182 hash=84de32…c368c4 cache=18.94mB
INFO [02-27|13:52:14] Imported new chain segment               blocks=1   txs=27   mgas=1.126   elapsed=31.899ms  mgasps=35.295  number=2736183 hash=4ac42b…7f32ae cache=18.97mB
INFO [02-27|13:52:37] Imported new chain segment               blocks=1   txs=20   mgas=3.795   elapsed=36.515ms  mgasps=103.917 number=2736184 hash=48b23c…e54f60 cache=18.93mB
INFO [02-27|13:52:46] Imported new chain segment               blocks=1   txs=6    mgas=0.744   elapsed=17.690ms  mgasps=42.029  number=2736183 hash=e8465d…96ae2f cache=18.96mB
INFO [02-27|13:53:13] Imported new chain segment               blocks=1   txs=6    mgas=2.647   elapsed=12.208ms  mgasps=216.792 number=2736185 hash=d9baea…946085 cache=19.00mB
INFO [02-27|13:53:30] Imported new chain segment               blocks=1   txs=39   mgas=3.294   elapsed=38.671ms  mgasps=85.179  number=2736186 hash=32101b…e71c6b cache=19.10mB
INFO [02-27|13:53:42] Imported new chain segment               blocks=1   txs=40   mgas=3.351   elapsed=29.553ms  mgasps=113.387 number=2736186 hash=a949ed…3cfd64 cache=19.11mB
INFO [02-27|13:53:44] Imported new chain segment               blocks=1   txs=26   mgas=2.031   elapsed=35.908ms  mgasps=56.567  number=2736187 hash=7c1b94…2c6605 cache=19.09mB
INFO [02-27|13:53:57] Imported new chain segment               blocks=1   txs=7    mgas=2.257   elapsed=15.260ms  mgasps=147.886 number=2736188 hash=9a3d58…a48a9a cache=19.12mB
INFO [02-27|13:54:02] Imported new chain segment               blocks=1   txs=10   mgas=1.174   elapsed=27.322ms  mgasps=42.962  number=2736189 hash=b3f233…7ef32a cache=19.14mB
INFO [02-27|13:54:07] Imported new chain segment               blocks=1   txs=2    mgas=4.535   elapsed=23.354ms  mgasps=194.185 number=2736190 hash=0d010c…43d99b cache=19.10mB
INFO [02-27|13:54:20] Imported new chain segment               blocks=1   txs=8    mgas=1.048   elapsed=18.026ms  mgasps=58.115  number=2736191 hash=dc93a3…fd7fdb cache=19.11mB
INFO [02-27|13:54:37] Imported new chain segment               blocks=1   txs=4    mgas=0.928   elapsed=7.844ms   mgasps=118.231 number=2736192 hash=b74e19…fdb5e2 cache=19.09mB
INFO [02-27|13:54:42] Imported new chain segment               blocks=1   txs=9    mgas=2.517   elapsed=29.058ms  mgasps=86.616  number=2736193 hash=e8aec5…884bbe cache=19.10mB
INFO [02-27|13:55:00] Imported new chain segment               blocks=1   txs=21   mgas=2.070   elapsed=18.198ms  mgasps=113.743 number=2736194 hash=864d29…f93d29 cache=19.14mB
INFO [02-27|13:56:01] Imported new chain segment               blocks=1   txs=3    mgas=4.604   elapsed=15.689ms  mgasps=293.444 number=2736195 hash=00abd1…5426da cache=19.00mB
INFO [02-27|13:56:16] Imported new chain segment               blocks=1   txs=24   mgas=4.644   elapsed=46.888ms  mgasps=99.039  number=2736196 hash=4fbd5a…5f3fdc cache=19.02mB
INFO [02-27|13:56:40] Imported new chain segment               blocks=1   txs=23   mgas=4.432   elapsed=48.453ms  mgasps=91.463  number=2736197 hash=4e0b00…3896f9 cache=19.03mB
INFO [02-27|13:56:56] Imported new chain segment               blocks=1   txs=24   mgas=4.130   elapsed=40.654ms  mgasps=101.587 number=2736198 hash=c4cdff…306a70 cache=19.18mB
INFO [02-27|13:57:01] Imported new chain segment               blocks=1   txs=4    mgas=4.704   elapsed=9.645ms   mgasps=487.638 number=2736199 hash=342c4c…c1c188 cache=19.16mB
INFO [02-27|13:57:35] Imported new chain segment               blocks=1   txs=9    mgas=3.943   elapsed=27.104ms  mgasps=145.481 number=2736200 hash=f150b5…a53cf5 cache=19.19mB
INFO [02-27|13:58:01] Imported new chain segment               blocks=1   txs=23   mgas=3.614   elapsed=60.650ms  mgasps=59.582  number=2736201 hash=7c67eb…bc04fe cache=19.32mB
INFO [02-27|13:58:49] Imported new chain segment               blocks=1   txs=20   mgas=2.640   elapsed=66.793ms  mgasps=39.520  number=2736202 hash=98a769…7d8ef8 cache=19.37mB
INFO [02-27|13:59:39] Imported new chain segment               blocks=1   txs=19   mgas=3.412   elapsed=37.730ms  mgasps=90.427  number=2736203 hash=ce61b1…ca0e3b cache=19.47mB
INFO [02-27|13:59:40] Imported new chain segment               blocks=1   txs=20   mgas=2.640   elapsed=46.862ms  mgasps=56.329  number=2736202 hash=fb3c7c…958665 cache=19.47mB
INFO [02-27|13:59:43] Imported new chain segment               blocks=1   txs=15   mgas=0.706   elapsed=20.491ms  mgasps=34.450  number=2736204 hash=cb8dab…66221f cache=19.53mB
INFO [02-27|14:00:11] Imported new chain segment               blocks=1   txs=6    mgas=0.708   elapsed=12.611ms  mgasps=56.119  number=2736205 hash=b81bc3…b97d05 cache=19.48mB
INFO [02-27|14:00:40] IPC endpoint closed                      endpoint=/Users/alexanderkorovkin/Library/Ethereum/testnet/geth.ipc
INFO [02-27|14:00:40] Writing cached state to disk             block=2736078 hash=f8a8c7…33ddde root=99ec92…89cb84
INFO [02-27|14:00:40] Persisted trie from memory database      nodes=29367 size=8.52mB  time=126.504721ms gcnodes=60166 gcsize=23.54mB gctime=107.067814ms livenodes=30158 livesize=10.96mB
INFO [02-27|14:00:40] Blockchain manager stopped 
INFO [02-27|14:00:40] Stopping Ethereum protocol 
INFO [02-27|14:00:40] Ethereum protocol stopped 
INFO [02-27|14:00:40] Transaction pool stopped 
INFO [02-27|14:00:40] Database closed                          database=/Users/alexanderkorovkin/Library/Ethereum/testnet/geth/chaindata
INFO [02-27|14:01:02] Maximum peer count                       ETH=25 LES=0 total=25
INFO [02-27|14:01:02] Starting peer-to-peer node               instance=Geth/v1.8.1-stable/darwin-amd64/go1.10
INFO [02-27|14:01:02] Allocated cache and file handles         database=/Users/alexanderkorovkin/Library/Ethereum/testnet/geth/chaindata cache=768 handles=1024
INFO [02-27|14:01:02] Persisted trie from memory database      nodes=355 size=65.25kB time=272.666µs gcnodes=0 gcsize=0.00B gctime=0s livenodes=1 livesize=0.00B
INFO [02-27|14:01:02] Initialised chain configuration          config="{ChainID: 3 Homestead: 0 DAO: <nil> DAOSupport: true EIP150: 0 EIP155: 10 EIP158: 10 Byzantium: 1700000 Engine: ethash}"
INFO [02-27|14:01:02] Disk storage enabled for ethash caches   dir=/Users/alexanderkorovkin/Library/Ethereum/testnet/geth/ethash count=3
INFO [02-27|14:01:02] Disk storage enabled for ethash DAGs     dir=/Users/alexanderkorovkin/.ethash                              count=2
INFO [02-27|14:01:02] Initialising Ethereum protocol           versions="[63 62]" network=3
WARN [02-27|14:01:02] Head state missing, repairing chain      number=2736205 hash=b81bc3…b97d05
INFO [02-27|14:01:02] Rewound blockchain to past state         number=2736078 hash=f8a8c7…33ddde
INFO [02-27|14:01:02] Loaded most recent local header          number=2736205 hash=b81bc3…b97d05 td=7836279295893703
INFO [02-27|14:01:02] Loaded most recent local full block      number=2736078 hash=f8a8c7…33ddde td=7836017215164723
INFO [02-27|14:01:02] Loaded most recent local fast block      number=2736205 hash=b81bc3…b97d05 td=7836279295893703
INFO [02-27|14:01:02] Loaded local transaction journal         transactions=0 dropped=0
INFO [02-27|14:01:02] Regenerated local transaction journal    transactions=0 accounts=0
WARN [02-27|14:01:02] Blockchain not empty, fast sync disabled 
INFO [02-27|14:01:02] Starting P2P networking 
INFO [02-27|14:01:04] Mapped network port                      proto=udp extport=30303 intport=30303 interface="UPNP IGDv2-IP1"
INFO [02-27|14:01:04] UDP listener up                          self=enode://442bead99a9e5d769f826425b1d943b9b8b63f63eb13bc5c5a01774bfb3ed781fa3f4f4cd0ae0b221acb28b5d2620c44580f87fbb3a9003b0d1d0030a27b16dd@109.74.133.182:30303
INFO [02-27|14:01:04] RLPx listener up                         self=enode://442bead99a9e5d769f826425b1d943b9b8b63f63eb13bc5c5a01774bfb3ed781fa3f4f4cd0ae0b221acb28b5d2620c44580f87fbb3a9003b0d1d0030a27b16dd@109.74.133.182:30303
INFO [02-27|14:01:04] IPC endpoint opened                      url=/Users/alexanderkorovkin/Library/Ethereum/testnet/geth.ipc
INFO [02-27|14:01:04] Mapped network port                      proto=tcp extport=30303 intport=30303 interface="UPNP IGDv2-IP1"
INFO [02-27|14:01:04] Etherbase automatically configured       address=0xC141aaAB91BC337EF2724b02a0021ce7FbCc968b
INFO [02-27|14:01:34] Block synchronisation started 
INFO [02-27|14:01:36] Imported new chain segment               blocks=6 txs=52 mgas=13.329 elapsed=152.889ms mgasps=87.178 number=2736084 hash=314bbe…79423b cache=338.71kB
INFO [02-27|14:01:38] Imported new chain segment               blocks=42 txs=818 mgas=103.574 elapsed=1.780s    mgasps=58.162 number=2736126 hash=83cdbc…6802cf cache=4.90mB
INFO [02-27|14:01:41] Imported new chain segment               blocks=83 txs=1137 mgas=250.447 elapsed=2.512s    mgasps=99.682 number=2736209 hash=d95afb…eba245 cache=12.00mB
INFO [02-27|14:01:46] Imported new chain segment               blocks=1  txs=40   mgas=4.690   elapsed=73.776ms  mgasps=63.569 number=2736210 hash=e5d8cc…b33de7 cache=12.23mB
INFO [02-27|14:02:05] Imported new chain segment               blocks=1  txs=34   mgas=4.633   elapsed=47.586ms  mgasps=97.368 number=2736211 hash=dc20da…4f5ae8 cache=12.46mB
INFO [02-27|14:02:26] Imported new chain segment               blocks=1  txs=31   mgas=4.692   elapsed=47.701ms  mgasps=98.351 number=2736212 hash=209dce…200634 cache=12.65mB
INFO [02-27|14:02:48] Imported new chain segment               blocks=1  txs=10   mgas=4.683   elapsed=20.004ms  mgasps=234.092 number=2736213 hash=d91618…571399 cache=12.69mB
INFO [02-27|14:03:02] Imported new chain segment               blocks=1  txs=9    mgas=4.692   elapsed=28.709ms  mgasps=163.431 number=2736214 hash=a0da72…8f34d6 cache=12.86mB
INFO [02-27|14:03:13] Imported new chain segment               blocks=1  txs=46   mgas=4.686   elapsed=54.262ms  mgasps=86.361  number=2736215 hash=f298b5…d1236e cache=13.01mB
INFO [02-27|14:03:33] Imported new chain segment               blocks=1  txs=49   mgas=4.329   elapsed=43.821ms  mgasps=98.798  number=2736216 hash=91b8c1…d280f9 cache=13.15mB
INFO [02-27|14:03:40] Imported new chain segment               blocks=1  txs=30   mgas=1.787   elapsed=50.689ms  mgasps=35.263  number=2736217 hash=1008ed…51e00d cache=13.23mB
INFO [02-27|14:04:04] Imported new chain segment               blocks=1  txs=3    mgas=1.045   elapsed=11.916ms  mgasps=87.688  number=2736218 hash=554258…bb6eec cache=13.21mB
INFO [02-27|14:04:43] Imported new chain segment               blocks=1  txs=18   mgas=1.464   elapsed=32.302ms  mgasps=45.334  number=2736219 hash=681bfd…976839 cache=13.28mB
INFO [02-27|14:05:06] IPC endpoint closed                      endpoint=/Users/alexanderkorovkin/Library/Ethereum/testnet/geth.ipc
INFO [02-27|14:05:06] Writing cached state to disk             block=2736092 hash=4f111c…3a0c4f root=d39355…fdc590
INFO [02-27|14:05:06] Persisted trie from memory database      nodes=2042 size=961.24kB time=12.699614ms gcnodes=936 gcsize=390.09kB gctime=1.04194ms livenodes=34349 livesize=12.32mB
INFO [02-27|14:05:06] Blockchain manager stopped 
INFO [02-27|14:05:06] Stopping Ethereum protocol 
INFO [02-27|14:05:06] Ethereum protocol stopped 
INFO [02-27|14:05:06] Transaction pool stopped 
INFO [02-27|14:05:06] Database closed                          database=/Users/alexanderkorovkin/Library/Ethereum/testnet/geth/chaindata
INFO [02-27|14:05:11] Maximum peer count                       ETH=25 LES=0 total=25
INFO [02-27|14:05:11] Starting peer-to-peer node               instance=Geth/v1.8.1-stable/darwin-amd64/go1.10
INFO [02-27|14:05:11] Allocated cache and file handles         database=/Users/alexanderkorovkin/Library/Ethereum/testnet/geth/chaindata cache=768 handles=1024
INFO [02-27|14:05:11] Persisted trie from memory database      nodes=355 size=65.25kB time=369.683µs gcnodes=0 gcsize=0.00B gctime=0s livenodes=1 livesize=0.00B
INFO [02-27|14:05:11] Initialised chain configuration          config="{ChainID: 3 Homestead: 0 DAO: <nil> DAOSupport: true EIP150: 0 EIP155: 10 EIP158: 10 Byzantium: 1700000 Engine: ethash}"
INFO [02-27|14:05:11] Disk storage enabled for ethash caches   dir=/Users/alexanderkorovkin/Library/Ethereum/testnet/geth/ethash count=3
INFO [02-27|14:05:11] Disk storage enabled for ethash DAGs     dir=/Users/alexanderkorovkin/.ethash                              count=2
INFO [02-27|14:05:11] Initialising Ethereum protocol           versions="[63 62]" network=3
WARN [02-27|14:05:11] Head state missing, repairing chain      number=2736219 hash=681bfd…976839
INFO [02-27|14:05:11] Rewound blockchain to past state         number=2736092 hash=4f111c…3a0c4f
INFO [02-27|14:05:11] Loaded most recent local header          number=2736219 hash=681bfd…976839 td=7836307656050285
INFO [02-27|14:05:11] Loaded most recent local full block      number=2736092 hash=4f111c…3a0c4f td=7836046472977534
INFO [02-27|14:05:11] Loaded most recent local fast block      number=2736219 hash=681bfd…976839 td=7836307656050285
INFO [02-27|14:05:11] Loaded local transaction journal         transactions=0 dropped=0
INFO [02-27|14:05:11] Regenerated local transaction journal    transactions=0 accounts=0
WARN [02-27|14:05:11] Blockchain not empty, fast sync disabled 
INFO [02-27|14:05:11] Starting P2P networking 
INFO [02-27|14:05:13] Mapped network port                      proto=udp extport=30303 intport=30303 interface="UPNP IGDv2-IP1"
INFO [02-27|14:05:13] UDP listener up                          self=enode://442bead99a9e5d769f826425b1d943b9b8b63f63eb13bc5c5a01774bfb3ed781fa3f4f4cd0ae0b221acb28b5d2620c44580f87fbb3a9003b0d1d0030a27b16dd@109.74.133.182:30303
INFO [02-27|14:05:13] RLPx listener up                         self=enode://442bead99a9e5d769f826425b1d943b9b8b63f63eb13bc5c5a01774bfb3ed781fa3f4f4cd0ae0b221acb28b5d2620c44580f87fbb3a9003b0d1d0030a27b16dd@109.74.133.182:30303
INFO [02-27|14:05:13] IPC endpoint opened                      url=/Users/alexanderkorovkin/Library/Ethereum/testnet/geth.ipc
INFO [02-27|14:05:13] HTTP endpoint opened                     url=http://127.0.0.1:8545                                      cors=* vhosts=localhost
INFO [02-27|14:05:13] Mapped network port                      proto=tcp extport=30303 intport=30303 interface="UPNP IGDv2-IP1"
INFO [02-27|14:05:13] Etherbase automatically configured       address=0xC141aaAB91BC337EF2724b02a0021ce7FbCc968b
INFO [02-27|14:05:53] Block synchronisation started 
INFO [02-27|14:06:56] Imported new chain segment               blocks=129 txs=2111 mgas=374.970 elapsed=5.626s mgasps=66.640 number=2736221 hash=3fbd53…7a768b cache=12.77mB
INFO [02-27|14:06:59] Imported new chain segment               blocks=3   txs=65   mgas=10.633  elapsed=159.494ms mgasps=66.665 number=2736224 hash=1d10f5…a76de9 cache=13.11mB
INFO [02-27|14:07:06] Imported new chain segment               blocks=1   txs=9    mgas=2.436   elapsed=10.258ms  mgasps=237.446 number=2736225 hash=83da4f…7faf15 cache=13.11mB
INFO [02-27|14:07:18] Imported new chain segment               blocks=1   txs=18   mgas=1.783   elapsed=30.167ms  mgasps=59.101  number=2736226 hash=6ff693…e8122f cache=13.24mB
INFO [02-27|14:07:30] Imported new chain segment               blocks=1   txs=3    mgas=1.591   elapsed=6.353ms   mgasps=250.378 number=2736227 hash=251049…53a6dd cache=13.22mB
INFO [02-27|14:07:44] Imported new chain segment               blocks=2   txs=30   mgas=1.748   elapsed=28.434ms  mgasps=61.482  number=2736229 hash=cd9e8b…959705 cache=13.26mB
INFO [02-27|14:08:08] Imported new chain segment               blocks=1   txs=3    mgas=3.498   elapsed=14.422ms  mgasps=242.549 number=2736230 hash=e47744…1f3973 cache=13.25mB
INFO [02-27|14:08:18] Imported new chain segment               blocks=1   txs=11   mgas=4.367   elapsed=21.410ms  mgasps=203.965 number=2736231 hash=fe2939…f021d3 cache=13.27mB
INFO [02-27|14:08:25] Imported new chain segment               blocks=1   txs=7    mgas=1.578   elapsed=11.938ms  mgasps=132.202 number=2736232 hash=d9f289…fb5519 cache=13.27mB
INFO [02-27|14:08:28] Imported new chain segment               blocks=1   txs=2    mgas=0.191   elapsed=13.443ms  mgasps=14.213  number=2736233 hash=967a05…d79845 cache=13.17mB
INFO [02-27|14:09:08] Imported new chain segment               blocks=1   txs=4    mgas=3.024   elapsed=44.857ms  mgasps=67.404  number=2736234 hash=a31781…558af8 cache=13.08mB
INFO [02-27|14:09:11] Imported new chain segment               blocks=1   txs=13   mgas=4.343   elapsed=18.079ms  mgasps=240.216 number=2736235 hash=af188e…a5f597 cache=13.16mB
INFO [02-27|14:09:40] Imported new chain segment               blocks=1   txs=10   mgas=0.889   elapsed=18.697ms  mgasps=47.566  number=2736236 hash=2aec32…69cd9b cache=13.10mB
INFO [02-27|14:10:36] Imported new chain segment               blocks=1   txs=34   mgas=3.731   elapsed=43.931ms  mgasps=84.938  number=2736237 hash=4dfd47…8ac76a cache=13.04mB
INFO [02-27|14:11:04] Imported new chain segment               blocks=1   txs=15   mgas=4.474   elapsed=50.549ms  mgasps=88.517  number=2736238 hash=53efc1…387ce3 cache=13.18mB
INFO [02-27|14:11:13] Imported new chain segment               blocks=1   txs=27   mgas=4.624   elapsed=52.606ms  mgasps=87.903  number=2736239 hash=4ba8e8…747892 cache=13.23mB
INFO [02-27|14:11:25] Imported new chain segment               blocks=1   txs=56   mgas=4.018   elapsed=42.970ms  mgasps=93.498  number=2736240 hash=80999d…1280ba cache=13.38mB
INFO [02-27|14:11:26] Imported new chain segment               blocks=1   txs=8    mgas=3.546   elapsed=17.643ms  mgasps=200.965 number=2736241 hash=169a66…8c864a cache=13.43mB
INFO [02-27|14:11:32] Imported new chain segment               blocks=1   txs=2    mgas=2.697   elapsed=10.186ms  mgasps=264.807 number=2736242 hash=152659…9a9f14 cache=13.43mB
INFO [02-27|14:11:37] Imported new chain segment               blocks=1   txs=7    mgas=1.252   elapsed=13.128ms  mgasps=95.355  number=2736243 hash=25fd25…3fabf4 cache=13.49mB
INFO [02-27|14:12:04] Imported new chain segment               blocks=1   txs=16   mgas=0.712   elapsed=20.275ms  mgasps=35.132  number=2736244 hash=67cf34…d0dc39 cache=13.48mB
INFO [02-27|14:12:16] Imported new chain segment               blocks=1   txs=13   mgas=2.244   elapsed=20.985ms  mgasps=106.947 number=2736245 hash=3188d9…29ffb0 cache=13.57mB
INFO [02-27|14:12:17] Imported new chain segment               blocks=1   txs=12   mgas=2.216   elapsed=23.364ms  mgasps=94.848  number=2736245 hash=4ffcb8…1c14ad cache=13.57mB
INFO [02-27|14:12:17] Imported new chain segment               blocks=1   txs=2    mgas=0.149   elapsed=6.408ms   mgasps=23.255  number=2736246 hash=cea8b4…9cf14e cache=13.47mB
INFO [02-27|14:12:25] Imported new chain segment               blocks=1   txs=25   mgas=0.705   elapsed=19.467ms  mgasps=36.222  number=2736247 hash=eb3215…7864f0 cache=13.41mB
INFO [02-27|14:12:49] Imported new chain segment               blocks=1   txs=17   mgas=0.710   elapsed=22.268ms  mgasps=31.890  number=2736248 hash=ece046…75cb53 cache=13.27mB
INFO [02-27|14:12:56] Imported new chain segment               blocks=1   txs=10   mgas=2.574   elapsed=21.939ms  mgasps=117.346 number=2736249 hash=05dff4…787177 cache=13.25mB
INFO [02-27|14:13:49] Imported new chain segment               blocks=1   txs=4    mgas=3.889   elapsed=13.292ms  mgasps=292.598 number=2736250 hash=09d192…13b532 cache=13.22mB
INFO [02-27|14:13:51] Imported new chain segment               blocks=1   txs=20   mgas=4.063   elapsed=30.168ms  mgasps=134.677 number=2736251 hash=7b6459…859c3b cache=13.28mB
INFO [02-27|14:13:56] Imported new chain segment               blocks=1   txs=74   mgas=3.008   elapsed=41.199ms  mgasps=73.003  number=2736252 hash=eeb61b…eab795 cache=13.22mB
INFO [02-27|14:14:15] Imported new chain segment               blocks=1   txs=21   mgas=0.711   elapsed=14.936ms  mgasps=47.578  number=2736253 hash=d0bd20…3877e6 cache=13.23mB
INFO [02-27|14:14:15] Imported new chain segment               blocks=1   txs=21   mgas=0.711   elapsed=13.376ms  mgasps=53.130  number=2736253 hash=56b6fa…f6d34f cache=13.23mB
INFO [02-27|14:14:21] Imported new chain segment               blocks=1   txs=3    mgas=2.028   elapsed=14.261ms  mgasps=142.192 number=2736254 hash=c6bf01…af6417 cache=13.22mB
INFO [02-27|14:14:25] Imported new chain segment               blocks=1   txs=24   mgas=0.714   elapsed=19.899ms  mgasps=35.890  number=2736255 hash=e08e43…bfbd0b cache=13.22mB
INFO [02-27|14:14:40] Imported new chain segment               blocks=1   txs=2    mgas=0.707   elapsed=5.425ms   mgasps=130.236 number=2736256 hash=9eef5b…c54594 cache=13.22mB
INFO [02-27|14:15:53] Imported new chain segment               blocks=1   txs=4    mgas=2.659   elapsed=12.610ms  mgasps=210.858 number=2736257 hash=3e1a99…c46696 cache=13.22mB
INFO [02-27|14:15:59] Imported new chain segment               blocks=1   txs=26   mgas=4.642   elapsed=77.106ms  mgasps=60.205  number=2736258 hash=1ac4a2…358949 cache=13.42mB
INFO [02-27|14:16:52] Imported new chain segment               blocks=1   txs=12   mgas=4.414   elapsed=53.386ms  mgasps=82.689  number=2736259 hash=d613b3…209505 cache=13.46mB
INFO [02-27|14:17:12] Imported new chain segment               blocks=1   txs=30   mgas=4.692   elapsed=65.516ms  mgasps=71.614  number=2736260 hash=3acb8e…3d9261 cache=13.70mB
INFO [02-27|14:17:29] Imported new chain segment               blocks=1   txs=20   mgas=4.682   elapsed=47.298ms  mgasps=98.993  number=2736261 hash=b7b551…204cc2 cache=13.82mB
INFO [02-27|14:17:31] Imported new chain segment               blocks=1   txs=6    mgas=2.997   elapsed=15.083ms  mgasps=198.687 number=2736259 hash=824076…4b9e8c cache=13.84mB
INFO [02-27|14:17:35] Imported new chain segment               blocks=1   txs=51   mgas=4.695   elapsed=94.002ms  mgasps=49.944  number=2736262 hash=0aa050…3b40fe cache=14.03mB
INFO [02-27|14:17:46] Imported new chain segment               blocks=1   txs=43   mgas=4.025   elapsed=38.076ms  mgasps=105.711 number=2736263 hash=34a43f…60f825 cache=14.12mB
INFO [02-27|14:17:57] Imported new chain segment               blocks=1   txs=13   mgas=0.717   elapsed=13.499ms  mgasps=53.106  number=2736264 hash=913d49…c5f02b cache=14.11mB
INFO [02-27|14:18:22] Imported new chain segment               blocks=1   txs=10   mgas=2.778   elapsed=44.269ms  mgasps=62.745  number=2736265 hash=deb5ed…5ffb62 cache=14.21mB
INFO [02-27|14:18:42] Imported new chain segment               blocks=1   txs=25   mgas=0.711   elapsed=17.893ms  mgasps=39.717  number=2736266 hash=9a6a25…37775c cache=14.04mB
INFO [02-27|14:20:00] Imported new chain segment               blocks=1   txs=24   mgas=0.707   elapsed=19.603ms  mgasps=36.054  number=2736267 hash=5aa9df…c0ca56 cache=14.05mB
INFO [02-27|14:20:18] Imported new chain segment               blocks=1   txs=17   mgas=4.695   elapsed=51.738ms  mgasps=90.752  number=2736268 hash=89ee8d…a9b6bb cache=14.13mB
INFO [02-27|14:20:40] Imported new chain segment               blocks=1   txs=21   mgas=4.479   elapsed=34.122ms  mgasps=131.277 number=2736269 hash=3f328f…cf7330 cache=14.24mB
INFO [02-27|14:20:53] Imported new chain segment               blocks=1   txs=33   mgas=4.633   elapsed=61.341ms  mgasps=75.525  number=2736270 hash=dd73d8…92a184 cache=14.45mB
INFO [02-27|14:20:57] Imported new chain segment               blocks=1   txs=29   mgas=4.102   elapsed=38.273ms  mgasps=107.185 number=2736271 hash=227fb9…5cffb8 cache=14.54mB
INFO [02-27|14:21:00] Imported new chain segment               blocks=1   txs=10   mgas=1.737   elapsed=19.656ms  mgasps=88.363  number=2736272 hash=83ea57…442ab8 cache=14.57mB
INFO [02-27|14:21:10] Imported new chain segment               blocks=1   txs=5    mgas=3.645   elapsed=198.899ms mgasps=18.324  number=2736273 hash=8a5a61…0ca59d cache=14.65mB
INFO [02-27|14:21:18] Imported new chain segment               blocks=1   txs=19   mgas=2.085   elapsed=15.248ms  mgasps=136.708 number=2736274 hash=a2b831…2586cc cache=14.71mB
INFO [02-27|14:21:18] Mining too far in the future             wait=4s
INFO [02-27|14:21:45] Imported new chain segment               blocks=1   txs=2    mgas=1.058   elapsed=23.218ms  mgasps=45.559  number=2736275 hash=099796…78961a cache=14.68mB
INFO [02-27|14:22:02] Imported new chain segment               blocks=1   txs=13   mgas=1.571   elapsed=33.161ms  mgasps=47.386  number=2736276 hash=3e6214…c45498 cache=14.83mB
INFO [02-27|14:22:31] Imported new chain segment               blocks=1   txs=9    mgas=3.726   elapsed=17.462ms  mgasps=213.357 number=2736277 hash=b02a94…d4bec4 cache=14.87mB
INFO [02-27|14:22:50] Imported new chain segment               blocks=1   txs=16   mgas=0.713   elapsed=19.410ms  mgasps=36.715  number=2736278 hash=93278f…e0754c cache=14.89mB
INFO [02-27|14:23:23] Imported new chain segment               blocks=1   txs=10   mgas=2.465   elapsed=27.604ms  mgasps=89.281  number=2736279 hash=11c922…3bf0e8 cache=14.95mB
INFO [02-27|14:23:24] Imported new chain segment               blocks=1   txs=17   mgas=2.922   elapsed=10.399ms  mgasps=280.982 number=2736280 hash=4ab417…2f0918 cache=14.98mB
INFO [02-27|14:23:43] Imported new chain segment               blocks=1   txs=4    mgas=2.615   elapsed=9.586ms   mgasps=272.736 number=2736281 hash=03d606…1f0063 cache=14.98mB
INFO [02-27|14:23:44] Imported new chain segment               blocks=1   txs=12   mgas=4.688   elapsed=10.646ms  mgasps=440.333 number=2736282 hash=8c5fc4…783ae6 cache=14.98mB
INFO [02-27|14:24:06] Imported new chain segment               blocks=1   txs=27   mgas=0.774   elapsed=17.837ms  mgasps=43.366  number=2736283 hash=90d3bc…8ca2d1 cache=14.97mB
INFO [02-27|14:24:46] Imported new chain segment               blocks=1   txs=5    mgas=4.206   elapsed=15.811ms  mgasps=265.984 number=2736284 hash=96af78…07dedd cache=15.02mB
INFO [02-27|14:25:12] Imported new chain segment               blocks=1   txs=7    mgas=4.002   elapsed=15.922ms  mgasps=251.361 number=2736285 hash=956e8a…95a8e6 cache=15.07mB
INFO [02-27|14:25:13] Imported new chain segment               blocks=1   txs=22   mgas=4.415   elapsed=34.109ms  mgasps=129.449 number=2736286 hash=ef247c…d3e87f cache=15.19mB
INFO [02-27|14:25:20] Imported new chain segment               blocks=1   txs=24   mgas=4.438   elapsed=30.980ms  mgasps=143.240 number=2736287 hash=4552bf…060172 cache=15.31mB
INFO [02-27|14:25:20] Mining too far in the future             wait=5s
INFO [02-27|14:25:24] Imported new chain segment               blocks=1   txs=8    mgas=2.875   elapsed=22.755ms  mgasps=126.326 number=2736288 hash=b8e45b…5a4566 cache=15.39mB
INFO [02-27|14:25:34] Imported new chain segment               blocks=1   txs=2    mgas=2.161   elapsed=9.797ms   mgasps=220.583 number=2736289 hash=22a805…91ecdd cache=15.29mB
INFO [02-27|14:25:34] Mining too far in the future             wait=2s
INFO [02-27|14:25:36] Imported new chain segment               blocks=1   txs=10   mgas=0.709   elapsed=12.460ms  mgasps=56.910  number=2736290 hash=91dec0…83ed83 cache=15.24mB
INFO [02-27|14:25:51] Imported new chain segment               blocks=1   txs=1    mgas=0.996   elapsed=5.815ms   mgasps=171.324 number=2736291 hash=a21d4a…ed30f6 cache=15.16mB
INFO [02-27|14:26:10] Imported new chain segment               blocks=1   txs=13   mgas=2.826   elapsed=30.695ms  mgasps=92.068  number=2736292 hash=91fd4d…5c858e cache=15.18mB
INFO [02-27|14:26:44] Imported new chain segment               blocks=1   txs=26   mgas=2.566   elapsed=22.647ms  mgasps=113.315 number=2736293 hash=868842…9aa3d9 cache=15.09mB
INFO [02-27|14:27:11] Imported new chain segment               blocks=1   txs=11   mgas=3.872   elapsed=17.094ms  mgasps=226.486 number=2736294 hash=6e7bbe…3f7eff cache=15.10mB
INFO [02-27|14:27:23] Imported new chain segment               blocks=1   txs=1    mgas=4.700   elapsed=6.318ms   mgasps=743.849 number=2736295 hash=07d557…8c511e cache=14.98mB
INFO [02-27|14:27:32] Imported new chain segment               blocks=1   txs=8    mgas=4.035   elapsed=20.966ms  mgasps=192.466 number=2736296 hash=cf3797…f0a6a3 cache=15.00mB
INFO [02-27|14:27:32] Mining too far in the future             wait=2s
INFO [02-27|14:27:37] Imported new chain segment               blocks=1   txs=9    mgas=2.679   elapsed=33.862ms  mgasps=79.108  number=2736297 hash=40872f…80a75b cache=14.97mB
INFO [02-27|14:28:12] Imported new chain segment               blocks=1   txs=4    mgas=3.282   elapsed=9.318ms   mgasps=352.200 number=2736298 hash=0507c4…4c3ea7 cache=14.96mB
INFO [02-27|14:28:32] Imported new chain segment               blocks=1   txs=18   mgas=4.390   elapsed=22.617ms  mgasps=194.096 number=2736299 hash=e54690…43de97 cache=14.99mB
INFO [02-27|14:28:55] Imported new chain segment               blocks=1   txs=5    mgas=4.196   elapsed=11.885ms  mgasps=353.024 number=2736300 hash=c6b636…9e94e6 cache=15.03mB
INFO [02-27|14:29:21] Imported new chain segment               blocks=1   txs=19   mgas=2.447   elapsed=26.948ms  mgasps=90.812  number=2736301 hash=43a031…05fba9 cache=15.10mB
INFO [02-27|14:29:28] Imported new chain segment               blocks=1   txs=9    mgas=1.120   elapsed=22.178ms  mgasps=50.498  number=2736302 hash=a29ed3…ce1a57 cache=15.07mB
INFO [02-27|14:29:28] Mining too far in the future             wait=5s
INFO [02-27|14:30:33] Imported new chain segment               blocks=1   txs=2    mgas=3.121   elapsed=7.143ms   mgasps=436.863 number=2736303 hash=971d6f…e9ad89 cache=14.92mB
INFO [02-27|14:31:07] Imported new chain segment               blocks=1   txs=22   mgas=4.698   elapsed=130.489ms mgasps=36.005  number=2736304 hash=6090bc…b8a9c7 cache=15.07mB
INFO [02-27|14:31:25] Imported new chain segment               blocks=1   txs=16   mgas=4.680   elapsed=34.254ms  mgasps=136.633 number=2736305 hash=7807c2…148ecd cache=15.09mB
INFO [02-27|14:31:41] Imported new chain segment               blocks=1   txs=24   mgas=4.663   elapsed=67.139ms  mgasps=69.460  number=2736306 hash=9e0402…2ab7b7 cache=15.31mB
INFO [02-27|14:31:43] Imported new chain segment               blocks=1   txs=45   mgas=4.674   elapsed=78.737ms  mgasps=59.367  number=2736307 hash=4dc355…5e356f cache=15.55mB
INFO [02-27|14:32:10] Imported new chain segment               blocks=1   txs=23   mgas=4.623   elapsed=39.811ms  mgasps=116.133 number=2736308 hash=0399be…c21968 cache=15.63mB
INFO [02-27|14:32:16] Imported new chain segment               blocks=1   txs=24   mgas=4.585   elapsed=45.810ms  mgasps=100.085 number=2736309 hash=41c666…9e842a cache=15.85mB
INFO [02-27|14:32:16] Mining too far in the future             wait=5s
INFO [02-27|14:32:44] Imported new chain segment               blocks=1   txs=16   mgas=4.601   elapsed=34.698ms  mgasps=132.607 number=2736310 hash=9f904c…3aaeb4 cache=15.92mB
INFO [02-27|14:32:54] Imported new chain segment               blocks=1   txs=23   mgas=4.578   elapsed=47.830ms  mgasps=95.706  number=2736311 hash=731090…6a268a cache=16.10mB
INFO [02-27|14:33:02] Imported new chain segment               blocks=1   txs=31   mgas=4.115   elapsed=66.160ms  mgasps=62.190  number=2736312 hash=d74468…4abe11 cache=16.26mB
INFO [02-27|14:33:22] Imported new chain segment               blocks=1   txs=6    mgas=4.026   elapsed=10.976ms  mgasps=366.771 number=2736313 hash=d626a1…a14658 cache=16.22mB
INFO [02-27|14:34:24] Imported new chain segment               blocks=1   txs=8    mgas=1.091   elapsed=29.313ms  mgasps=37.223  number=2736314 hash=3bf40b…655e67 cache=16.23mB
INFO [02-27|14:34:40] Imported new chain segment               blocks=1   txs=15   mgas=4.301   elapsed=26.012ms  mgasps=165.356 number=2736315 hash=c5cdb0…591976 cache=16.30mB
INFO [02-27|14:35:08] Imported new chain segment               blocks=1   txs=4    mgas=1.544   elapsed=17.179ms  mgasps=89.883  number=2736316 hash=d2a2df…1baec2 cache=16.30mB
INFO [02-27|14:35:33] Imported new chain segment               blocks=1   txs=19   mgas=3.947   elapsed=30.101ms  mgasps=131.117 number=2736317 hash=628411…d2e0a0 cache=16.44mB
INFO [02-27|14:35:54] Imported new chain segment               blocks=1   txs=50   mgas=4.669   elapsed=90.874ms  mgasps=51.376  number=2736318 hash=b5f0c5…eea6c7 cache=16.62mB
